 WARNING:discord.client:PyNaCl is not installed, voice will NOT be supported
INFO:discord.client:Logging in using static token
INFO:discord.gateway:Bot has sent the IDENTIFY payload.
INFO:discord.gateway:Bot has connected to Gateway: ["gateway-prd-main-z7w9",{"micros":486170,"calls":["discord-sessions-blue-prd-2-149",{"micros":480359,"calls":["start_session",{"micros":138773,"calls":["discord-api-6457766b5b-kf78v",{"micros":127947,"calls":["get_user",{"micros":4720},"add_authorized_ip",{"micros":4637},"get_guilds",{"micros":11865},"private_channels",{"micros":20747},"read_states",{"micros":12131},"coros_wait",{"micros":7917},"aliases",{"micros":5233},"affine_user_ids",{"micros":45006},"experiments",{"micros":4560}]}]},"guilds_connect",{"micros":2272,"calls":[]},"presence_connect",{"micros":1,"calls":[]}]}]}] (Session ID: 99adab45c38c9ede5668fe1163e1aff8).
INFO:discord.gateway:Parsing event READY.
INFO:discord.gateway:Parsing event READY_SUPPLEMENTAL.
ERROR:root:on_connect
INFO:discord.gateway:Parsing event GUILD_MEMBER_LIST_UPDATE.
INFO:discord.gateway:Parsing event GUILD_MEMBER_LIST_UPDATE.
INFO:discord.gateway:Parsing event GUILD_MEMBER_LIST_UPDATE.
INFO:discord.gateway:Parsing event GUILD_MEMBER_LIST_UPDATE.
INFO:discord.gateway:Parsing event GUILD_MEMBER_LIST_UPDATE.
INFO:discord.gateway:Parsing event GUILD_MEMBER_LIST_UPDATE.
INFO:discord.gateway:Parsing event GUILD_MEMBER_LIST_UPDATE.
INFO:discord.gateway:Parsing event GUILD_MEMBER_LIST_UPDATE.
INFO:discord.gateway:Parsing event GUILD_MEMBER_LIST_UPDATE.
INFO:discord.gateway:Parsing event GUILD_MEMBER_LIST_UPDATE.
INFO:discord.gateway:Parsing event GUILD_MEMBER_LIST_UPDATE.
INFO:discord.gateway:Parsing event GUILD_MEMBER_LIST_UPDATE.
INFO:discord.gateway:Parsing event GUILD_MEMBER_LIST_UPDATE.
INFO:discord.gateway:Parsing event GUILD_MEMBER_LIST_UPDATE.
INFO:discord.gateway:Parsing event GUILD_MEMBER_LIST_UPDATE.
INFO:discord.gateway:Parsing event GUILD_MEMBER_LIST_UPDATE.
INFO:discord.gateway:Parsing event GUILD_MEMBER_LIST_UPDATE.
INFO:discord.gateway:Parsing event GUILD_MEMBER_LIST_UPDATE.
INFO:discord.gateway:Parsing event GUILD_MEMBER_LIST_UPDATE.
INFO:discord.gateway:Parsing event GUILD_MEMBER_LIST_UPDATE.
INFO:discord.gateway:Parsing event GUILD_MEMBER_LIST_UPDATE.
INFO:discord.gateway:Parsing event GUILD_MEMBER_LIST_UPDATE.
INFO:discord.gateway:Parsing event GUILD_MEMBER_LIST_UPDATE.
INFO:discord.gateway:Parsing event GUILD_MEMBER_LIST_UPDATE.
INFO:discord.gateway:Parsing event GUILD_MEMBER_LIST_UPDATE.
INFO:discord.gateway:Parsing event GUILD_MEMBER_LIST_UPDATE.
INFO:discord.gateway:Parsing event GUILD_MEMBER_LIST_UPDATE.
INFO:discord.gateway:Parsing event GUILD_MEMBER_LIST_UPDATE.
INFO:discord.gateway:Parsing event GUILD_MEMBER_LIST_UPDATE.
INFO:discord.gateway:Parsing event GUILD_MEMBER_LIST_UPDATE.
INFO:discord.gateway:Parsing event GUILD_MEMBER_LIST_UPDATE.
INFO:discord.gateway:Parsing event GUILD_MEMBER_LIST_UPDATE.
INFO:discord.gateway:Parsing event GUILD_MEMBER_LIST_UPDATE.
WARNING:discord.gateway:WebSocket is ratelimited, waiting 59.92 seconds
INFO:discord.gateway:Parsing event GUILD_MEMBER_LIST_UPDATE.
INFO:discord.gateway:Parsing event TYPING_START.
INFO:discord.gateway:Parsing event PRESENCE_UPDATE.
INFO:discord.gateway:Parsing event TYPING_START.
INFO:discord.gateway:Parsing event TYPING_START.
INFO:discord.gateway:Parsing event TYPING_START.
INFO:discord.gateway:Parsing event MESSAGE_CREATE.
INFO:discord.gateway:Parsing event MESSAGE_CREATE.
INFO:discord.gateway:Parsing event MESSAGE_CREATE.
INFO:discord.gateway:Parsing event MESSAGE_CREATE.
INFO:discord.gateway:Parsing event MESSAGE_CREATE.
INFO:discord.gateway:Parsing event MESSAGE_CREATE.
INFO:discord.gateway:Parsing event MESSAGE_CREATE.
INFO:discord.gateway:Parsing event MESSAGE_CREATE.
INFO:discord.gateway:Parsing event TYPING_START.
INFO:discord.gateway:Parsing event MESSAGE_CREATE.
INFO:discord.gateway:Parsing event TYPING_START.
INFO:discord.gateway:Parsing event MESSAGE_CREATE.
INFO:discord.gateway:Parsing event MESSAGE_CREATE.
INFO:discord.gateway:Parsing event MESSAGE_DELETE.
INFO:discord.gateway:Parsing event TYPING_START.
INFO:discord.gateway:Parsing event TYPING_START.
INFO:discord.gateway:Parsing event TYPING_START.
INFO:discord.gateway:Parsing event MESSAGE_CREATE.
INFO:discord.gateway:Parsing event MESSAGE_DELETE.
INFO:discord.gateway:Parsing event MESSAGE_CREATE.
INFO:discord.gateway:Parsing event TYPING_START.
INFO:discord.gateway:Parsing event TYPING_START.
INFO:discord.gateway:Parsing event MESSAGE_CREATE.
INFO:discord.gateway:Parsing event TYPING_START.
INFO:discord.gateway:Parsing event MESSAGE_CREATE.
INFO:discord.gateway:Parsing event MESSAGE_DELETE.
INFO:discord.gateway:Parsing event TYPING_START.
INFO:discord.gateway:Parsing event TYPING_START.
INFO:discord.gateway:Parsing event TYPING_START.
INFO:discord.gateway:Parsing event GUILD_MEMBER_LIST_UPDATE.
INFO:discord.gateway:Parsing event GUILD_MEMBER_LIST_UPDATE.
INFO:discord.gateway:Parsing event GUILD_MEMBER_LIST_UPDATE.
INFO:discord.gateway:Parsing event GUILD_MEMBER_LIST_UPDATE.
INFO:discord.gateway:Parsing event GUILD_MEMBER_LIST_UPDATE.
INFO:discord.gateway:Parsing event GUILD_MEMBER_LIST_UPDATE.
INFO:discord.gateway:Parsing event GUILD_MEMBER_LIST_UPDATE.
INFO:discord.gateway:Parsing event GUILD_MEMBER_LIST_UPDATE.
INFO:discord.gateway:Parsing event GUILD_MEMBER_LIST_UPDATE.
INFO:discord.gateway:Parsing event GUILD_MEMBER_LIST_UPDATE.
INFO:discord.gateway:Parsing event GUILD_MEMBER_LIST_UPDATE.
INFO:discord.gateway:Parsing event GUILD_MEMBER_LIST_UPDATE.
INFO:discord.gateway:Parsing event GUILD_MEMBER_LIST_UPDATE.
INFO:discord.gateway:Parsing event GUILD_MEMBER_LIST_UPDATE.
INFO:discord.gateway:Parsing event GUILD_MEMBER_LIST_UPDATE.
INFO:discord.gateway:Parsing event GUILD_MEMBER_LIST_UPDATE.
INFO:discord.gateway:Parsing event GUILD_MEMBER_LIST_UPDATE.
INFO:discord.gateway:Parsing event GUILD_MEMBER_LIST_UPDATE.
INFO:discord.gateway:Parsing event GUILD_MEMBER_LIST_UPDATE.
INFO:discord.gateway:Parsing event GUILD_MEMBER_LIST_UPDATE.
INFO:discord.gateway:Parsing event GUILD_MEMBER_LIST_UPDATE.
INFO:discord.gateway:Parsing event GUILD_MEMBER_LIST_UPDATE.
INFO:discord.gateway:Parsing event GUILD_MEMBER_LIST_UPDATE.
INFO:discord.gateway:Parsing event GUILD_MEMBER_LIST_UPDATE.
INFO:discord.gateway:Parsing event GUILD_MEMBER_LIST_UPDATE.
INFO:discord.gateway:Parsing event GUILD_MEMBER_LIST_UPDATE.
INFO:discord.gateway:Parsing event GUILD_MEMBER_LIST_UPDATE.
INFO:discord.gateway:Parsing event GUILD_MEMBER_LIST_UPDATE.
INFO:discord.gateway:Parsing event GUILD_MEMBER_LIST_UPDATE.
INFO:discord.gateway:Parsing event GUILD_MEMBER_LIST_UPDATE.
INFO:discord.gateway:Parsing event GUILD_MEMBER_LIST_UPDATE.
INFO:discord.gateway:Parsing event GUILD_MEMBER_LIST_UPDATE.
INFO:discord.gateway:Parsing event GUILD_MEMBER_LIST_UPDATE.
INFO:discord.gateway:Parsing event GUILD_MEMBER_LIST_UPDATE.
INFO:discord.gateway:Parsing event GUILD_MEMBER_LIST_UPDATE.
INFO:discord.gateway:Parsing event GUILD_MEMBER_LIST_UPDATE.
INFO:discord.gateway:Parsing event GUILD_MEMBER_LIST_UPDATE.
INFO:discord.gateway:Parsing event GUILD_MEMBER_LIST_UPDATE.
INFO:discord.gateway:Parsing event MESSAGE_CREATE.
INFO:discord.gateway:Parsing event GUILD_MEMBER_LIST_UPDATE.
INFO:discord.gateway:Parsing event MESSAGE_CREATE.
INFO:discord.gateway:Parsing event MESSAGE_CREATE.
INFO:discord.gateway:Parsing event MESSAGE_CREATE.
INFO:discord.gateway:Parsing event MESSAGE_CREATE.
INFO:discord.gateway:Parsing event MESSAGE_CREATE.
INFO:discord.gateway:Parsing event MESSAGE_CREATE.
INFO:discord.gateway:Parsing event TYPING_START.
INFO:discord.gateway:Parsing event MESSAGE_CREATE.
INFO:discord.gateway:Parsing event TYPING_START.
INFO:discord.gateway:Parsing event MESSAGE_CREATE.
INFO:discord.gateway:Parsing event MESSAGE_CREATE.
INFO:discord.gateway:Parsing event MESSAGE_DELETE.
INFO:discord.gateway:Parsing event TYPING_START.
INFO:discord.gateway:Parsing event TYPING_START.
INFO:discord.gateway:Parsing event TYPING_START.
INFO:discord.gateway:Parsing event MESSAGE_CREATE.
INFO:discord.gateway:Parsing event MESSAGE_DELETE.
INFO:discord.gateway:Parsing event MESSAGE_CREATE.
INFO:discord.gateway:Parsing event TYPING_START.
INFO:discord.gateway:Parsing event TYPING_START.
INFO:discord.gateway:Parsing event TYPING_START.
INFO:discord.gateway:Parsing event TYPING_START.
INFO:discord.gateway:Parsing event TYPING_START.
INFO:discord.gateway:Parsing event TYPING_START.
INFO:discord.gateway:Parsing event TYPING_START.
INFO:discord.gateway:Parsing event USER_UPDATE.
INFO:discord.gateway:Parsing event MESSAGE_CREATE.
INFO:discord.gateway:Parsing event MESSAGE_CREATE.
INFO:discord.gateway:Parsing event MESSAGE_CREATE.
INFO:discord.gateway:Parsing event MESSAGE_CREATE.
INFO:discord.gateway:Parsing event MESSAGE_CREATE.
INFO:discord.gateway:Parsing event MESSAGE_CREATE.
INFO:discord.gateway:Parsing event MESSAGE_CREATE.
INFO:discord.gateway:Parsing event TYPING_START.
INFO:discord.gateway:Parsing event MESSAGE_CREATE.
INFO:discord.gateway:Parsing event TYPING_START.
INFO:discord.gateway:Parsing event TYPING_START.
INFO:discord.gateway:Parsing event TYPING_START.
INFO:discord.gateway:Parsing event TYPING_START.
INFO:discord.gateway:Parsing event TYPING_START.
INFO:discord.gateway:Parsing event TYPING_START.
INFO:discord.gateway:Parsing event TYPING_START.
INFO:discord.gateway:Parsing event MESSAGE_CREATE.
ERROR:root:Command raised an exception: HTTPException: 401 Unauthorized (error code: 0): 401: Unauthorized
INFO:discord.gateway:Parsing event TYPING_START.
